\BOOKMARK [1][-]{section.1}{\376\377\000N\000o\000t\000a\000t\000i\000o\000n\000\040\000t\000a\000b\000l\000e}{}% 1
\BOOKMARK [1][-]{section.2}{\376\377\000A\000d\000m\000i\000s\000s\000i\000b\000l\000e\000\040\000s\000y\000s\000t\000e\000m\000s\000\040\000a\000n\000d\000\040\000o\000b\000s\000e\000r\000v\000a\000t\000i\000o\000n\000\040\000d\000o\000m\000a\000i\000n\000s}{}% 2
\BOOKMARK [1][-]{section.3}{\376\377\000S\000t\000r\000u\000c\000t\000u\000r\000a\000l\000-\000r\000o\000l\000e\000\040\000f\000u\000n\000c\000t\000i\000o\000n\000s}{}% 3
\BOOKMARK [2][-]{subsection.3.1}{\376\377\000S\000u\000p\000p\000o\000r\000t}{section.3}% 4
\BOOKMARK [2][-]{subsection.3.2}{\376\377\000S\000t\000r\000u\000c\000t\000u\000r\000e}{section.3}% 5
\BOOKMARK [2][-]{subsection.3.3}{\376\377\000L\000i\000n\000k\000a\000g\000e}{section.3}% 6
\BOOKMARK [2][-]{subsection.3.4}{\376\377\000C\000l\000o\000s\000u\000r\000e}{section.3}% 7
\BOOKMARK [1][-]{section.4}{\376\377\000R\000a\000w\000\040\000s\000u\000p\000p\000o\000r\000t\000\040\000a\000n\000d\000\040\000s\000t\000r\000u\000c\000t\000u\000r\000e\000d\000\040\000s\000u\000p\000p\000o\000r\000t}{}% 8
\BOOKMARK [1][-]{section.5}{\376\377\000M\000a\000t\000h\000e\000m\000a\000t\000i\000c\000a\000l\000\040\000a\000s\000s\000u\000m\000p\000t\000i\000o\000n\000s}{}% 9
\BOOKMARK [1][-]{section.6}{\376\377\000U\000n\000i\000t\000y\000,\000\040\000b\000a\000l\000a\000n\000c\000e\000,\000\040\000d\000o\000m\000i\000n\000a\000n\000c\000e\000\040\000a\000n\000d\000\040\000f\000r\000a\000g\000i\000l\000i\000t\000y}{}% 10
\BOOKMARK [2][-]{subsection.6.1}{\376\377\000U\000n\000i\000t\000y}{section.6}% 11
\BOOKMARK [2][-]{subsection.6.2}{\376\377\000B\000a\000l\000a\000n\000c\000e}{section.6}% 12
\BOOKMARK [2][-]{subsection.6.3}{\376\377\000D\000o\000m\000i\000n\000a\000n\000c\000e}{section.6}% 13
\BOOKMARK [2][-]{subsection.6.4}{\376\377\000F\000r\000a\000g\000i\000l\000i\000t\000y}{section.6}% 14
\BOOKMARK [1][-]{section.7}{\376\377\000C\000l\000o\000s\000u\000r\000e\000\040\000f\000u\000n\000c\000t\000i\000o\000n\000s\000\040\000a\000n\000d\000\040\000t\000r\000i\000a\000d\000i\000c\000\040\000g\000a\000i\000n}{}% 15
\BOOKMARK [1][-]{section.8}{\376\377\000N\000o\000n\000-\000c\000i\000r\000c\000u\000l\000a\000r\000i\000t\000y\000\040\000a\000n\000d\000\040\000e\000n\000d\000p\000o\000i\000n\000t\000\040\000i\000n\000d\000e\000p\000e\000n\000d\000e\000n\000c\000e}{}% 16
\BOOKMARK [1][-]{section.9}{\376\377\000P\000e\000r\000t\000u\000r\000b\000a\000t\000i\000o\000n\000s\000,\000\040\000n\000u\000l\000l\000\040\000m\000o\000d\000e\000l\000s\000\040\000a\000n\000d\000\040\000f\000a\000l\000s\000i\000f\000i\000c\000a\000t\000i\000o\000n}{}% 17
\BOOKMARK [1][-]{section.10}{\376\377\000M\000u\000l\000t\000i\000-\000s\000c\000a\000l\000e\000\040\000a\000n\000d\000\040\000d\000y\000n\000a\000m\000i\000c\000a\000l\000\040\000c\000l\000o\000s\000u\000r\000e}{}% 18
\BOOKMARK [1][-]{section.11}{\376\377\000C\000o\000-\000i\000n\000h\000e\000r\000e\000n\000c\000e\000\040\000a\000n\000d\000\040\000n\000o\000n\000-\000s\000e\000p\000a\000r\000a\000b\000i\000l\000i\000t\000y}{}% 19
\BOOKMARK [1][-]{section.12}{\376\377\000C\000a\000t\000e\000g\000o\000r\000i\000c\000a\000l\000\040\000s\000t\000r\000u\000c\000t\000u\000r\000a\000l\000\040\000e\000q\000u\000i\000v\000a\000l\000e\000n\000c\000e}{}% 20
\BOOKMARK [1][-]{section.13}{\376\377\000T\000e\000n\000s\000o\000r\000i\000a\000l\000\040\000a\000n\000d\000\040\000f\000i\000e\000l\000d\000-\000t\000h\000e\000o\000r\000e\000t\000i\000c\000\040\000e\000x\000t\000e\000n\000s\000i\000o\000n}{}% 21
\BOOKMARK [1][-]{section.14}{\376\377\000V\000a\000r\000i\000a\000t\000i\000o\000n\000a\000l\000\040\000s\000t\000a\000b\000i\000l\000i\000t\000y\000\040\000a\000n\000d\000\040\000p\000h\000a\000s\000e\000\040\000t\000r\000a\000n\000s\000i\000t\000i\000o\000n\000s}{}% 22
\BOOKMARK [1][-]{section.15}{\376\377\000L\000a\000w\000-\000c\000a\000n\000d\000i\000d\000a\000t\000e\000\040\000c\000r\000i\000t\000e\000r\000i\000a}{}% 23
\BOOKMARK [1][-]{section.16}{\376\377\000R\000e\000l\000a\000t\000i\000o\000n\000\040\000t\000o\000\040\000t\000h\000e\000\040\000e\000m\000p\000i\000r\000i\000c\000a\000l\000\040\000A\000t\000l\000a\000s\000\040\0004\040\023\0004\040\023\0004}{}% 24
\BOOKMARK [1][-]{section.17}{\376\377\000L\000i\000m\000i\000t\000a\000t\000i\000o\000n\000s}{}% 25
\BOOKMARK [1][-]{section.18}{\376\377\000O\000p\000e\000n\000\040\000p\000r\000o\000b\000l\000e\000m\000s}{}% 26
\BOOKMARK [1][-]{section.19}{\376\377\000R\000o\000a\000d\000m\000a\000p}{}% 27
